#
# A fatal error has been detected by the Java Runtime Environment:
#
#  Internal Error (javaCalls.cpp:51), pid=3845, tid=140289532069632
#  guarantee(thread->is_Java_thread()) failed: crucial check - the VM thread cannot and must not escape to Java code
#
# JRE version: OpenJDK Runtime Environment (8.0_91-b14) (build 1.8.0_91-b14)
# Java VM: OpenJDK 64-Bit Server VM (25.91-b14 mixed mode linux-amd64 compressed oops)
# Failed to write core dump. Core dumps have been disabled. To enable core dumping, try "ulimit -c unlimited" before starting Java again
#
# If you would like to submit a bug report, please visit:
#   http://bugreport.java.com/bugreport/crash.jsp
#

---------------  T H R E A D  ---------------

Current thread (0x00007f97e0087000):  VMThread [stack: 0x00007f97b3a98000,0x00007f97b3b99000] [id=3856]

Stack: [0x00007f97b3a98000,0x00007f97b3b99000],  sp=0x00007f97b3b961f0,  free space=1016k
Native frames: (J=compiled Java code, j=interpreted, Vv=VM code, C=native code)
V  [libjvm.so+0xa9a550]
V  [libjvm.so+0x4cd44d]
V  [libjvm.so+0x66ae98]
V  [libjvm.so+0x66d2c2]
V  [libjvm.so+0x66be8f]
V  [libjvm.so+0x5591b9]
V  [libjvm.so+0x55a650]
V  [libjvm.so+0x5c3f23]
V  [libjvm.so+0x5c573a]
V  [libjvm.so+0x5c757b]
V  [libjvm.so+0x5cae8e]
V  [libjvm.so+0x5cb2a5]
V  [libjvm.so+0x8b70bf]
V  [libjvm.so+0x8b8d90]
V  [libjvm.so+0x8ba84c]
V  [libjvm.so+0x627427]
V  [libjvm.so+0x84e3ad]
V  [libjvm.so+0x740e5c]
V  [libjvm.so+0xaa12c7]
V  [libjvm.so+0xa9ea57]
V  [libjvm.so+0xa9fed6]
V  [libjvm.so+0xaa03d1]
V  [libjvm.so+0x8c2802]

VM_Operation (0x00007f97b358e9a0): GetOrSetLocal, mode: safepoint, requested by thread 0x00007f97e00d5800


---------------  P R O C E S S  ---------------

Java Threads: ( => current thread )
  0x00007f97e000c000 JavaThread "DestroyJavaVM" [_thread_blocked, id=3850, stack(0x00007f97e7303000,0x00007f97e7404000)]
  0x00007f97e0230800 JavaThread "AWT-EventQueue-0" [_thread_blocked, id=3875, stack(0x00007f97b0567000,0x00007f97b0668000)]
  0x00007f97e022f000 JavaThread "AWT-Shutdown" [_thread_blocked, id=3874, stack(0x00007f97b0668000,0x00007f97b0769000)]
  0x00007f97e022c800 JavaThread "AWT-XAWT" daemon [_thread_in_native, id=3873, stack(0x00007f97b0769000,0x00007f97b086a000)]
  0x00007f97e020b000 JavaThread "Java2D Disposer" daemon [_thread_blocked, id=3872, stack(0x00007f97b0c7b000,0x00007f97b0d7c000)]
  0x00007f97e00ed800 JavaThread "Service Thread" daemon [_thread_blocked, id=3870, stack(0x00007f97b2e89000,0x00007f97b2f8a000)]
  0x00007f97e00e0000 JavaThread "C1 CompilerThread2" daemon [_thread_blocked, id=3869, stack(0x00007f97b2f8a000,0x00007f97b308b000)]
  0x00007f97e00de800 JavaThread "C2 CompilerThread1" daemon [_thread_blocked, id=3868, stack(0x00007f97b308b000,0x00007f97b318c000)]
  0x00007f97e00db800 JavaThread "C2 CompilerThread0" daemon [_thread_blocked, id=3867, stack(0x00007f97b318c000,0x00007f97b328d000)]
  0x00007f97a0001000 JavaThread "JDWP Command Reader" daemon [_thread_in_native, id=3863, stack(0x00007f97b328d000,0x00007f97b338e000)]
  0x00007f97e00d9000 JavaThread "JDWP Event Helper Thread" daemon [_thread_blocked, id=3862, stack(0x00007f97b338e000,0x00007f97b348f000)]
  0x00007f97e00d5800 JavaThread "JDWP Transport Listener: dt_socket" daemon [_thread_blocked, id=3861, stack(0x00007f97b348f000,0x00007f97b3590000)]
  0x00007f97e00be800 JavaThread "Signal Dispatcher" daemon [_thread_blocked, id=3859, stack(0x00007f97b3795000,0x00007f97b3896000)]
  0x00007f97e0095000 JavaThread "Finalizer" daemon [_thread_blocked, id=3858, stack(0x00007f97b3896000,0x00007f97b3997000)]
  0x00007f97e0090800 JavaThread "Reference Handler" daemon [_thread_blocked, id=3857, stack(0x00007f97b3997000,0x00007f97b3a98000)]

Other Threads:
=>0x00007f97e0087000 VMThread [stack: 0x00007f97b3a98000,0x00007f97b3b99000] [id=3856]
  0x00007f97e00f0000 WatcherThread [stack: 0x00007f97b2d88000,0x00007f97b2e89000] [id=3871]

VM state:at safepoint (normal execution)

VM Mutex/Monitor currently owned by a thread:  ([mutex/lock_event])
[0x00007f97e0008a80] Threads_lock - owner thread: 0x00007f97e0087000

Heap:
 PSYoungGen      total 36864K, used 8256K [0x00000000d7180000, 0x00000000d9a80000, 0x0000000100000000)
  eden space 31744K, 26% used [0x00000000d7180000,0x00000000d7990078,0x00000000d9080000)
  from space 5120K, 0% used [0x00000000d9580000,0x00000000d9580000,0x00000000d9a80000)
  to   space 5120K, 0% used [0x00000000d9080000,0x00000000d9080000,0x00000000d9580000)
 ParOldGen       total 84992K, used 0K [0x0000000085400000, 0x000000008a700000, 0x00000000d7180000)
  object space 84992K, 0% used [0x0000000085400000,0x0000000085400000,0x000000008a700000)
 Metaspace       used 10424K, capacity 10606K, committed 10880K, reserved 1058816K
  class space    used 1040K, capacity 1121K, committed 1152K, reserved 1048576K

Card table byte_map: [0x00007f97c9ced000,0x00007f97ca0c4000] byte_map_base: 0x00007f97c98c3000

Marking Bits: (ParMarkBitMap*) 0x00007f97e65e15c0
 Begin Bits: [0x00007f97b42a0000, 0x00007f97b6150000)
 End Bits:   [0x00007f97b6150000, 0x00007f97b8000000)

Polling page: 0x00007f97e7426000

CodeCache: size=245760Kb used=2314Kb max_used=2314Kb free=243445Kb
 bounds [0x00007f97ca484000, 0x00007f97ca6f4000, 0x00007f97d9484000]
 total_blobs=993 nmethods=525 adapters=390
 compilation: enabled

Compilation events (10 events):
Event: 70.336 Thread 0x00007f97e00e0000  520       3       java.util.concurrent.locks.AbstractOwnableSynchronizer::setExclusiveOwnerThread (6 bytes)
Event: 70.336 Thread 0x00007f97e00e0000 nmethod 520 0x00007f97ca6c0a50 code [0x00007f97ca6c0ba0, 0x00007f97ca6c0d10]
Event: 71.836 Thread 0x00007f97e00e0000  521       3       java.util.concurrent.locks.AbstractQueuedSynchronizer::release (33 bytes)
Event: 71.837 Thread 0x00007f97e00e0000 nmethod 521 0x00007f97ca6c0490 code [0x00007f97ca6c0620, 0x00007f97ca6c0958]
Event: 102.371 Thread 0x00007f97e00e0000  522       3       java.util.concurrent.locks.ReentrantLock$Sync::nonfairTryAcquire (67 bytes)
Event: 102.372 Thread 0x00007f97e00e0000 nmethod 522 0x00007f97ca6c3810 code [0x00007f97ca6c39c0, 0x00007f97ca6c4128]
Event: 126.899 Thread 0x00007f97e00e0000  523   !   3       sun.awt.X11.XToolkit::callTimeoutTasks (220 bytes)
Event: 126.900 Thread 0x00007f97e00e0000 nmethod 523 0x00007f97ca6c4310 code [0x00007f97ca6c46c0, 0x00007f97ca6c6578]
Event: 127.399 Thread 0x00007f97e00e0000  524   !   3       sun.awt.X11.XToolkit::getNextTaskTime (55 bytes)
Event: 127.401 Thread 0x00007f97e00e0000 nmethod 524 0x00007f97ca6c7110 code [0x00007f97ca6c7340, 0x00007f97ca6c80b8]

GC Heap History (0 events):
No events

Deoptimization events (1 events):
Event: 0.468 Thread 0x00007f97e000c000 Uncommon trap: reason=null_check action=make_not_entrant pc=0x00007f97ca5eaee0 method=java.lang.String.equals(Ljava/lang/Object;)Z @ 8

Internal exceptions (10 events):
Event: 0.324 Thread 0x00007f97e000c000 Exception <a 'java/security/PrivilegedActionException'> (0x00000000d7203598) thrown at [/builddir/build/BUILD/java-1.8.0-openjdk-1.8.0.91-7.b14.fc24.x86_64/openjdk/hotspot/src/share/vm/prims/jvm.cpp, line 1398]
Event: 0.324 Thread 0x00007f97e000c000 Exception <a 'java/security/PrivilegedActionException'> (0x00000000d72037a8) thrown at [/builddir/build/BUILD/java-1.8.0-openjdk-1.8.0.91-7.b14.fc24.x86_64/openjdk/hotspot/src/share/vm/prims/jvm.cpp, line 1398]
Event: 0.324 Thread 0x00007f97e000c000 Exception <a 'java/security/PrivilegedActionException'> (0x00000000d7204478) thrown at [/builddir/build/BUILD/java-1.8.0-openjdk-1.8.0.91-7.b14.fc24.x86_64/openjdk/hotspot/src/share/vm/prims/jvm.cpp, line 1398]
Event: 0.324 Thread 0x00007f97e000c000 Exception <a 'java/security/PrivilegedActionException'> (0x00000000d7204688) thrown at [/builddir/build/BUILD/java-1.8.0-openjdk-1.8.0.91-7.b14.fc24.x86_64/openjdk/hotspot/src/share/vm/prims/jvm.cpp, line 1398]
Event: 0.397 Thread 0x00007f97e000c000 Exception <a 'java/lang/NoSuchFieldError': method resolution failed> (0x00000000d740e7a0) thrown at [/builddir/build/BUILD/java-1.8.0-openjdk-1.8.0.91-7.b14.fc24.x86_64/openjdk/hotspot/src/share/vm/prims/methodHandles.cpp, line 1146]
Event: 0.407 Thread 0x00007f97e000c000 Exception <a 'java/lang/NoSuchFieldError': method resolution failed> (0x00000000d741bfa0) thrown at [/builddir/build/BUILD/java-1.8.0-openjdk-1.8.0.91-7.b14.fc24.x86_64/openjdk/hotspot/src/share/vm/prims/methodHandles.cpp, line 1146]
Event: 0.447 Thread 0x00007f97e000c000 Exception <a 'java/io/FileNotFoundException'> (0x00000000d749af40) thrown at [/builddir/build/BUILD/java-1.8.0-openjdk-1.8.0.91-7.b14.fc24.x86_64/openjdk/hotspot/src/share/vm/prims/jni.cpp, line 710]
Event: 0.447 Thread 0x00007f97e000c000 Exception <a 'java/io/FileNotFoundException'> (0x00000000d749ba98) thrown at [/builddir/build/BUILD/java-1.8.0-openjdk-1.8.0.91-7.b14.fc24.x86_64/openjdk/hotspot/src/share/vm/prims/jni.cpp, line 710]
Event: 0.466 Thread 0x00007f97e000c000 Exception <a 'java/lang/ClassNotFoundException': sun/dc/DuctusRenderingEngine> (0x00000000d74ab738) thrown at [/builddir/build/BUILD/java-1.8.0-openjdk-1.8.0.91-7.b14.fc24.x86_64/openjdk/hotspot/src/share/vm/classfile/systemDictionary.cpp, line 210]
Event: 0.467 Thread 0x00007f97e000c000 Implicit null exception at 0x00007f97ca5eac45 to 0x00007f97ca5eaed1

Events (10 events):
Event: 183.938 Executing VM operation: ChangeBreakpoints done
Event: 183.942 Executing VM operation: EnterInterpOnlyMode
Event: 183.942 Executing VM operation: EnterInterpOnlyMode done
Event: 183.942 Executing VM operation: GetCurrentLocation
Event: 183.942 Executing VM operation: GetCurrentLocation done
Event: 183.942 Executing VM operation: ChangeSingleStep
Event: 183.942 Executing VM operation: ChangeSingleStep done
Event: 183.944 Executing VM operation: ChangeSingleStep
Event: 183.944 Executing VM operation: ChangeSingleStep done
Event: 183.990 Executing VM operation: GetOrSetLocal


Dynamic libraries:
85400000-8a700000 rw-p 00000000 00:00 0 
8a700000-d7180000 ---p 00000000 00:00 0 
d7180000-d9a80000 rw-p 00000000 00:00 0 
d9a80000-100000000 ---p 00000000 00:00 0 
100000000-100120000 rw-p 00000000 00:00 0 
100120000-140000000 ---p 00000000 00:00 0 
5583725e2000-5583725e3000 r-xp 00000000 fd:00 5511326                    /usr/lib/jvm/java-1.8.0-openjdk-1.8.0.91-7.b14.fc24.x86_64/bin/java
5583727e2000-5583727e3000 r--p 00000000 fd:00 5511326                    /usr/lib/jvm/java-1.8.0-openjdk-1.8.0.91-7.b14.fc24.x86_64/bin/java
5583727e3000-5583727e4000 rw-p 00001000 fd:00 5511326                    /usr/lib/jvm/java-1.8.0-openjdk-1.8.0.91-7.b14.fc24.x86_64/bin/java
5583743a0000-5583743c1000 rw-p 00000000 00:00 0                          [heap]
7f976c000000-7f976c0e7000 rw-p 00000000 00:00 0 
7f976c0e7000-7f9770000000 ---p 00000000 00:00 0 
7f9773de8000-7f9773dff000 r-xp 00000000 fd:00 5117506                    /usr/lib/jvm/java-1.8.0-openjdk-1.8.0.91-7.b14.fc24.x86_64/jre/lib/amd64/libnet.so
7f9773dff000-7f9773ffe000 ---p 00017000 fd:00 5117506                    /usr/lib/jvm/java-1.8.0-openjdk-1.8.0.91-7.b14.fc24.x86_64/jre/lib/amd64/libnet.so
7f9773ffe000-7f9773fff000 r--p 00016000 fd:00 5117506                    /usr/lib/jvm/java-1.8.0-openjdk-1.8.0.91-7.b14.fc24.x86_64/jre/lib/amd64/libnet.so
7f9773fff000-7f9774000000 rw-p 00017000 fd:00 5117506                    /usr/lib/jvm/java-1.8.0-openjdk-1.8.0.91-7.b14.fc24.x86_64/jre/lib/amd64/libnet.so
7f9774000000-7f9774021000 rw-p 00000000 00:00 0 
7f9774021000-7f9778000000 ---p 00000000 00:00 0 
7f9778000000-7f9778021000 rw-p 00000000 00:00 0 
7f9778021000-7f977c000000 ---p 00000000 00:00 0 
7f977c000000-7f977c021000 rw-p 00000000 00:00 0 
7f977c021000-7f9780000000 ---p 00000000 00:00 0 
7f9780000000-7f9780021000 rw-p 00000000 00:00 0 
7f9780021000-7f9784000000 ---p 00000000 00:00 0 
7f9784000000-7f9784253000 rw-p 00000000 00:00 0 
7f9784253000-7f9788000000 ---p 00000000 00:00 0 
7f9788000000-7f9788021000 rw-p 00000000 00:00 0 
7f9788021000-7f978c000000 ---p 00000000 00:00 0 
7f978c000000-7f978c0d1000 rw-p 00000000 00:00 0 
7f978c0d1000-7f9790000000 ---p 00000000 00:00 0 
7f9790000000-7f9790136000 rw-p 00000000 00:00 0 
7f9790136000-7f9794000000 ---p 00000000 00:00 0 
7f9794000000-7f9794021000 rw-p 00000000 00:00 0 
7f9794021000-7f9798000000 ---p 00000000 00:00 0 
7f9798000000-7f9798021000 rw-p 00000000 00:00 0 
7f9798021000-7f979c000000 ---p 00000000 00:00 0 
7f979c000000-7f979c021000 rw-p 00000000 00:00 0 
7f979c021000-7f97a0000000 ---p 00000000 00:00 0 
7f97a0000000-7f97a0021000 rw-p 00000000 00:00 0 
7f97a0021000-7f97a4000000 ---p 00000000 00:00 0 
7f97a4000000-7f97a4021000 rw-p 00000000 00:00 0 
7f97a4021000-7f97a8000000 ---p 00000000 00:00 0 
7f97a8000000-7f97a8021000 rw-p 00000000 00:00 0 
7f97a8021000-7f97ac000000 ---p 00000000 00:00 0 
7f97ac000000-7f97ac021000 rw-p 00000000 00:00 0 
7f97ac021000-7f97b0000000 ---p 00000000 00:00 0 
7f97b0154000-7f97b0165000 r-xp 00000000 fd:00 5117507                    /usr/lib/jvm/java-1.8.0-openjdk-1.8.0.91-7.b14.fc24.x86_64/jre/lib/amd64/libnio.so
7f97b0165000-7f97b0365000 ---p 00011000 fd:00 5117507                    /usr/lib/jvm/java-1.8.0-openjdk-1.8.0.91-7.b14.fc24.x86_64/jre/lib/amd64/libnio.so
7f97b0365000-7f97b0366000 r--p 00011000 fd:00 5117507                    /usr/lib/jvm/java-1.8.0-openjdk-1.8.0.91-7.b14.fc24.x86_64/jre/lib/amd64/libnio.so
7f97b0366000-7f97b0367000 rw-p 00012000 fd:00 5117507                    /usr/lib/jvm/java-1.8.0-openjdk-1.8.0.91-7.b14.fc24.x86_64/jre/lib/amd64/libnio.so
7f97b0367000-7f97b04e7000 rw-p 00000000 00:00 0 
7f97b04e7000-7f97b0567000 ---p 00000000 00:00 0 
7f97b0567000-7f97b056a000 ---p 00000000 00:00 0 
7f97b056a000-7f97b0668000 rw-p 00000000 00:00 0 
7f97b0668000-7f97b066b000 ---p 00000000 00:00 0 
7f97b066b000-7f97b0769000 rw-p 00000000 00:00 0 
7f97b0769000-7f97b076c000 ---p 00000000 00:00 0 
7f97b076c000-7f97b086a000 rw-p 00000000 00:00 0 
7f97b086a000-7f97b086f000 r-xp 00000000 fd:00 5120442                    /usr/lib64/libXfixes.so.3.1.0
7f97b086f000-7f97b0a6e000 ---p 00005000 fd:00 5120442                    /usr/lib64/libXfixes.so.3.1.0
7f97b0a6e000-7f97b0a6f000 r--p 00004000 fd:00 5120442                    /usr/lib64/libXfixes.so.3.1.0
7f97b0a6f000-7f97b0a70000 rw-p 00005000 fd:00 5120442                    /usr/lib64/libXfixes.so.3.1.0
7f97b0a70000-7f97b0a79000 r-xp 00000000 fd:00 5120438                    /usr/lib64/libXcursor.so.1.0.2
7f97b0a79000-7f97b0c79000 ---p 00009000 fd:00 5120438                    /usr/lib64/libXcursor.so.1.0.2
7f97b0c79000-7f97b0c7a000 r--p 00009000 fd:00 5120438                    /usr/lib64/libXcursor.so.1.0.2
7f97b0c7a000-7f97b0c7b000 rw-p 00000000 00:00 0 
7f97b0c7b000-7f97b0c7e000 ---p 00000000 00:00 0 
7f97b0c7e000-7f97b0d7c000 rw-p 00000000 00:00 0 
7f97b0d7c000-7f97b0dad000 r-xp 00000000 fd:00 5121126                    /usr/lib64/libpng16.so.16.21.0
7f97b0dad000-7f97b0fac000 ---p 00031000 fd:00 5121126                    /usr/lib64/libpng16.so.16.21.0
7f97b0fac000-7f97b0fad000 r--p 00030000 fd:00 5121126                    /usr/lib64/libpng16.so.16.21.0
7f97b0fad000-7f97b0fae000 rw-p 00000000 00:00 0 
7f97b0fae000-7f97b0fbd000 r-xp 00000000 fd:00 5120537                    /usr/lib64/libbz2.so.1.0.6
7f97b0fbd000-7f97b11bc000 ---p 0000f000 fd:00 5120537                    /usr/lib64/libbz2.so.1.0.6
7f97b11bc000-7f97b11bd000 r--p 0000e000 fd:00 5120537                    /usr/lib64/libbz2.so.1.0.6
7f97b11bd000-7f97b11be000 rw-p 0000f000 fd:00 5120537                    /usr/lib64/libbz2.so.1.0.6
7f97b11be000-7f97b1266000 r-xp 00000000 fd:00 5120709                    /usr/lib64/libfreetype.so.6.12.3
7f97b1266000-7f97b1465000 ---p 000a8000 fd:00 5120709                    /usr/lib64/libfreetype.so.6.12.3
7f97b1465000-7f97b146c000 r--p 000a7000 fd:00 5120709                    /usr/lib64/libfreetype.so.6.12.3
7f97b146c000-7f97b146d000 rw-p 00000000 00:00 0 
7f97b146d000-7f97b14c0000 r-xp 00000000 fd:00 5117489                    /usr/lib/jvm/java-1.8.0-openjdk-1.8.0.91-7.b14.fc24.x86_64/jre/lib/amd64/libfontmanager.so
7f97b14c0000-7f97b16bf000 ---p 00053000 fd:00 5117489                    /usr/lib/jvm/java-1.8.0-openjdk-1.8.0.91-7.b14.fc24.x86_64/jre/lib/amd64/libfontmanager.so
7f97b16bf000-7f97b16c2000 r--p 00052000 fd:00 5117489                    /usr/lib/jvm/java-1.8.0-openjdk-1.8.0.91-7.b14.fc24.x86_64/jre/lib/amd64/libfontmanager.so
7f97b16c2000-7f97b16c3000 rw-p 00055000 fd:00 5117489                    /usr/lib/jvm/java-1.8.0-openjdk-1.8.0.91-7.b14.fc24.x86_64/jre/lib/amd64/libfontmanager.so
7f97b16c3000-7f97b16c5000 r-xp 00000000 fd:00 5120436                    /usr/lib64/libXau.so.6.0.0
7f97b16c5000-7f97b18c5000 ---p 00002000 fd:00 5120436                    /usr/lib64/libXau.so.6.0.0
7f97b18c5000-7f97b18c6000 r--p 00002000 fd:00 5120436                    /usr/lib64/libXau.so.6.0.0
7f97b18c6000-7f97b18c7000 rw-p 00000000 00:00 0 
7f97b18c7000-7f97b18e8000 r-xp 00000000 fd:00 5121416                    /usr/lib64/libxcb.so.1.1.0
7f97b18e8000-7f97b1ae7000 ---p 00021000 fd:00 5121416                    /usr/lib64/libxcb.so.1.1.0
7f97b1ae7000-7f97b1ae8000 r--p 00020000 fd:00 5121416                    /usr/lib64/libxcb.so.1.1.0
7f97b1ae8000-7f97b1ae9000 rw-p 00021000 fd:00 5121416                    /usr/lib64/libxcb.so.1.1.0
7f97b1ae9000-7f97b1af8000 r-xp 00000000 fd:00 5120445                    /usr/lib64/libXi.so.6.1.0
7f97b1af8000-7f97b1cf7000 ---p 0000f000 fd:00 5120445                    /usr/lib64/libXi.so.6.1.0
7f97b1cf7000-7f97b1cf8000 r--p 0000e000 fd:00 5120445                    /usr/lib64/libXi.so.6.1.0
7f97b1cf8000-7f97b1cf9000 rw-p 0000f000 fd:00 5120445                    /usr/lib64/libXi.so.6.1.0
7f97b1cf9000-7f97b1cfe000 r-xp 00000000 fd:00 5120453                    /usr/lib64/libXtst.so.6.1.0
7f97b1cfe000-7f97b1efd000 ---p 00005000 fd:00 5120453                    /usr/lib64/libXtst.so.6.1.0
7f97b1efd000-7f97b1efe000 r--p 00004000 fd:00 5120453                    /usr/lib64/libXtst.so.6.1.0
7f97b1efe000-7f97b1eff000 rw-p 00005000 fd:00 5120453                    /usr/lib64/libXtst.so.6.1.0
7f97b1eff000-7f97b1f01000 r-xp 00000000 fd:00 5120437                    /usr/lib64/libXcomposite.so.1.0.0
7f97b1f01000-7f97b2100000 ---p 00002000 fd:00 5120437                    /usr/lib64/libXcomposite.so.1.0.0
7f97b2100000-7f97b2101000 r--p 00001000 fd:00 5120437                    /usr/lib64/libXcomposite.so.1.0.0
7f97b2101000-7f97b2102000 rw-p 00000000 00:00 0 
7f97b2102000-7f97b210b000 r-xp 00000000 fd:00 5120451                    /usr/lib64/libXrender.so.1.3.0
7f97b210b000-7f97b230a000 ---p 00009000 fd:00 5120451                    /usr/lib64/libXrender.so.1.3.0
7f97b230a000-7f97b230b000 r--p 00008000 fd:00 5120451                    /usr/lib64/libXrender.so.1.3.0
7f97b230b000-7f97b230c000 rw-p 00009000 fd:00 5120451                    /usr/lib64/libXrender.so.1.3.0
7f97b230c000-7f97b2445000 r-xp 00000000 fd:00 5120434                    /usr/lib64/libX11.so.6.3.0
7f97b2445000-7f97b2645000 ---p 00139000 fd:00 5120434                    /usr/lib64/libX11.so.6.3.0
7f97b2645000-7f97b2648000 r--p 00139000 fd:00 5120434                    /usr/lib64/libX11.so.6.3.0
7f97b2648000-7f97b264c000 rw-p 0013c000 fd:00 5120434                    /usr/lib64/libX11.so.6.3.0
7f97b264c000-7f97b265d000 r-xp 00000000 fd:00 5120441                    /usr/lib64/libXext.so.6.4.0
7f97b265d000-7f97b285c000 ---p 00011000 fd:00 5120441                    /usr/lib64/libXext.so.6.4.0
7f97b285c000-7f97b285d000 r--p 00010000 fd:00 5120441                    /usr/lib64/libXext.so.6.4.0
7f97b285d000-7f97b285e000 rw-p 00011000 fd:00 5120441                    /usr/lib64/libXext.so.6.4.0
7f97b285e000-7f97b28b2000 r-xp 00000000 fd:00 5122493                    /usr/lib/jvm/java-1.8.0-openjdk-1.8.0.91-7.b14.fc24.x86_64/jre/lib/amd64/libawt_xawt.so
7f97b28b2000-7f97b2ab2000 ---p 00054000 fd:00 5122493                    /usr/lib/jvm/java-1.8.0-openjdk-1.8.0.91-7.b14.fc24.x86_64/jre/lib/amd64/libawt_xawt.so
7f97b2ab2000-7f97b2ab3000 r--p 00054000 fd:00 5122493                    /usr/lib/jvm/java-1.8.0-openjdk-1.8.0.91-7.b14.fc24.x86_64/jre/lib/amd64/libawt_xawt.so
7f97b2ab3000-7f97b2ab5000 rw-p 00055000 fd:00 5122493                    /usr/lib/jvm/java-1.8.0-openjdk-1.8.0.91-7.b14.fc24.x86_64/jre/lib/amd64/libawt_xawt.so
7f97b2ab5000-7f97b2ab7000 rw-p 00000000 00:00 0 
7f97b2ab7000-7f97b2b58000 r-xp 00000000 fd:00 5117486                    /usr/lib/jvm/java-1.8.0-openjdk-1.8.0.91-7.b14.fc24.x86_64/jre/lib/amd64/libawt.so
7f97b2b58000-7f97b2d57000 ---p 000a1000 fd:00 5117486                    /usr/lib/jvm/java-1.8.0-openjdk-1.8.0.91-7.b14.fc24.x86_64/jre/lib/amd64/libawt.so
7f97b2d57000-7f97b2d58000 r--p 000a0000 fd:00 5117486                    /usr/lib/jvm/java-1.8.0-openjdk-1.8.0.91-7.b14.fc24.x86_64/jre/lib/amd64/libawt.so
7f97b2d58000-7f97b2d63000 rw-p 000a1000 fd:00 5117486                    /usr/lib/jvm/java-1.8.0-openjdk-1.8.0.91-7.b14.fc24.x86_64/jre/lib/amd64/libawt.so
7f97b2d63000-7f97b2d88000 rw-p 00000000 00:00 0 
7f97b2d88000-7f97b2d89000 ---p 00000000 00:00 0 
7f97b2d89000-7f97b2e89000 rw-p 00000000 00:00 0 
7f97b2e89000-7f97b2e8c000 ---p 00000000 00:00 0 
7f97b2e8c000-7f97b2f8a000 rw-p 00000000 00:00 0 
7f97b2f8a000-7f97b2f8d000 ---p 00000000 00:00 0 
7f97b2f8d000-7f97b308b000 rw-p 00000000 00:00 0 
7f97b308b000-7f97b308e000 ---p 00000000 00:00 0 
7f97b308e000-7f97b318c000 rw-p 00000000 00:00 0 
7f97b318c000-7f97b318f000 ---p 00000000 00:00 0 
7f97b318f000-7f97b328d000 rw-p 00000000 00:00 0 
7f97b328d000-7f97b3290000 ---p 00000000 00:00 0 
7f97b3290000-7f97b338e000 rw-p 00000000 00:00 0 
7f97b338e000-7f97b3391000 ---p 00000000 00:00 0 
7f97b3391000-7f97b348f000 rw-p 00000000 00:00 0 
7f97b348f000-7f97b3492000 ---p 00000000 00:00 0 
7f97b3492000-7f97b3590000 rw-p 00000000 00:00 0 
7f97b3590000-7f97b3594000 r-xp 00000000 fd:00 5117488                    /usr/lib/jvm/java-1.8.0-openjdk-1.8.0.91-7.b14.fc24.x86_64/jre/lib/amd64/libdt_socket.so
7f97b3594000-7f97b3793000 ---p 00004000 fd:00 5117488                    /usr/lib/jvm/java-1.8.0-openjdk-1.8.0.91-7.b14.fc24.x86_64/jre/lib/amd64/libdt_socket.so
7f97b3793000-7f97b3794000 r--p 00003000 fd:00 5117488                    /usr/lib/jvm/java-1.8.0-openjdk-1.8.0.91-7.b14.fc24.x86_64/jre/lib/amd64/libdt_socket.so
7f97b3794000-7f97b3795000 rw-p 00004000 fd:00 5117488                    /usr/lib/jvm/java-1.8.0-openjdk-1.8.0.91-7.b14.fc24.x86_64/jre/lib/amd64/libdt_socket.so
7f97b3795000-7f97b3798000 ---p 00000000 00:00 0 
7f97b3798000-7f97b3896000 rw-p 00000000 00:00 0 
7f97b3896000-7f97b3899000 ---p 00000000 00:00 0 
7f97b3899000-7f97b3997000 rw-p 00000000 00:00 0 
7f97b3997000-7f97b399a000 ---p 00000000 00:00 0 
7f97b399a000-7f97b3a98000 rw-p 00000000 00:00 0 
7f97b3a98000-7f97b3a99000 ---p 00000000 00:00 0 
7f97b3a99000-7f97b8000000 rw-p 00000000 00:00 0 
7f97b8000000-7f97b8021000 rw-p 00000000 00:00 0 
7f97b8021000-7f97bc000000 ---p 00000000 00:00 0 
7f97bc000000-7f97bc021000 rw-p 00000000 00:00 0 
7f97bc021000-7f97c0000000 ---p 00000000 00:00 0 
7f97c0000000-7f97c0021000 rw-p 00000000 00:00 0 
7f97c0021000-7f97c4000000 ---p 00000000 00:00 0 
7f97c4000000-7f97c4021000 rw-p 00000000 00:00 0 
7f97c4021000-7f97c8000000 ---p 00000000 00:00 0 
7f97c8058000-7f97c8941000 rw-p 00000000 00:00 0 
7f97c8941000-7f97c8b0f000 r--s 043be000 fd:00 5117482                    /usr/lib/jvm/java-1.8.0-openjdk-1.8.0.91-7.b14.fc24.x86_64/jre/lib/rt.jar
7f97c8b0f000-7f97c975b000 rw-p 00000000 00:00 0 
7f97c975b000-7f97c975c000 ---p 00000000 00:00 0 
7f97c975c000-7f97c985c000 rw-p 00000000 00:00 0 
7f97c985c000-7f97c985d000 ---p 00000000 00:00 0 
7f97c985d000-7f97c995d000 rw-p 00000000 00:00 0 
7f97c995d000-7f97c995e000 ---p 00000000 00:00 0 
7f97c995e000-7f97c9a88000 rw-p 00000000 00:00 0 
7f97c9a88000-7f97c9ced000 ---p 00000000 00:00 0 
7f97c9ced000-7f97c9d17000 rw-p 00000000 00:00 0 
7f97c9d17000-7f97c9f7b000 ---p 00000000 00:00 0 
7f97c9f7b000-7f97c9f91000 rw-p 00000000 00:00 0 
7f97c9f91000-7f97ca0c3000 ---p 00000000 00:00 0 
7f97ca0c3000-7f97ca0ce000 rw-p 00000000 00:00 0 
7f97ca0ce000-7f97ca484000 ---p 00000000 00:00 0 
7f97ca484000-7f97ca6f4000 rwxp 00000000 00:00 0 
7f97ca6f4000-7f97d9484000 ---p 00000000 00:00 0 
7f97d9484000-7f97d948c000 r-xp 00000000 fd:00 5117514                    /usr/lib/jvm/java-1.8.0-openjdk-1.8.0.91-7.b14.fc24.x86_64/jre/lib/amd64/libzip.so
7f97d948c000-7f97d968b000 ---p 00008000 fd:00 5117514                    /usr/lib/jvm/java-1.8.0-openjdk-1.8.0.91-7.b14.fc24.x86_64/jre/lib/amd64/libzip.so
7f97d968b000-7f97d968c000 r--p 00007000 fd:00 5117514                    /usr/lib/jvm/java-1.8.0-openjdk-1.8.0.91-7.b14.fc24.x86_64/jre/lib/amd64/libzip.so
7f97d968c000-7f97d968d000 rw-p 00000000 00:00 0 
7f97d968d000-7f97e0000000 r--p 00000000 fd:00 5123541                    /usr/lib/locale/locale-archive
7f97e0000000-7f97e0233000 rw-p 00000000 00:00 0 
7f97e0233000-7f97e4000000 ---p 00000000 00:00 0 
7f97e4002000-7f97e401e000 r--s 003b6000 fd:00 5117525                    /usr/lib/jvm/java-1.8.0-openjdk-1.8.0.91-7.b14.fc24.x86_64/jre/lib/ext/cldrdata.jar
7f97e401e000-7f97e403f000 rw-p 00000000 00:00 0 
7f97e403f000-7f97e4040000 ---p 00000000 00:00 0 
7f97e4040000-7f97e4140000 rw-p 00000000 00:00 0 
7f97e4140000-7f97e414b000 r-xp 00000000 fd:00 5119842                    /usr/lib64/libnss_files-2.23.so
7f97e414b000-7f97e434a000 ---p 0000b000 fd:00 5119842                    /usr/lib64/libnss_files-2.23.so
7f97e434a000-7f97e434b000 r--p 0000a000 fd:00 5119842                    /usr/lib64/libnss_files-2.23.so
7f97e434b000-7f97e434c000 rw-p 0000b000 fd:00 5119842                    /usr/lib64/libnss_files-2.23.so
7f97e434c000-7f97e4352000 rw-p 00000000 00:00 0 
7f97e4352000-7f97e4354000 r-xp 00000000 fd:00 5117508                    /usr/lib/jvm/java-1.8.0-openjdk-1.8.0.91-7.b14.fc24.x86_64/jre/lib/amd64/libnpt.so
7f97e4354000-7f97e4554000 ---p 00002000 fd:00 5117508                    /usr/lib/jvm/java-1.8.0-openjdk-1.8.0.91-7.b14.fc24.x86_64/jre/lib/amd64/libnpt.so
7f97e4554000-7f97e4555000 r--p 00002000 fd:00 5117508                    /usr/lib/jvm/java-1.8.0-openjdk-1.8.0.91-7.b14.fc24.x86_64/jre/lib/amd64/libnpt.so
7f97e4555000-7f97e4556000 rw-p 00000000 00:00 0 
7f97e4556000-7f97e4591000 r-xp 00000000 fd:00 5117499                    /usr/lib/jvm/java-1.8.0-openjdk-1.8.0.91-7.b14.fc24.x86_64/jre/lib/amd64/libjdwp.so
7f97e4591000-7f97e4790000 ---p 0003b000 fd:00 5117499                    /usr/lib/jvm/java-1.8.0-openjdk-1.8.0.91-7.b14.fc24.x86_64/jre/lib/amd64/libjdwp.so
7f97e4790000-7f97e4791000 r--p 0003a000 fd:00 5117499                    /usr/lib/jvm/java-1.8.0-openjdk-1.8.0.91-7.b14.fc24.x86_64/jre/lib/amd64/libjdwp.so
7f97e4791000-7f97e4792000 rw-p 0003b000 fd:00 5117499                    /usr/lib/jvm/java-1.8.0-openjdk-1.8.0.91-7.b14.fc24.x86_64/jre/lib/amd64/libjdwp.so
7f97e4792000-7f97e47bf000 r-xp 00000000 fd:00 5117496                    /usr/lib/jvm/java-1.8.0-openjdk-1.8.0.91-7.b14.fc24.x86_64/jre/lib/amd64/libjava.so
7f97e47bf000-7f97e49bf000 ---p 0002d000 fd:00 5117496                    /usr/lib/jvm/java-1.8.0-openjdk-1.8.0.91-7.b14.fc24.x86_64/jre/lib/amd64/libjava.so
7f97e49bf000-7f97e49c0000 r--p 0002d000 fd:00 5117496                    /usr/lib/jvm/java-1.8.0-openjdk-1.8.0.91-7.b14.fc24.x86_64/jre/lib/amd64/libjava.so
7f97e49c0000-7f97e49c1000 rw-p 0002e000 fd:00 5117496                    /usr/lib/jvm/java-1.8.0-openjdk-1.8.0.91-7.b14.fc24.x86_64/jre/lib/amd64/libjava.so
7f97e49c1000-7f97e49c2000 rw-p 00000000 00:00 0 
7f97e49c2000-7f97e49cf000 r-xp 00000000 fd:00 5117513                    /usr/lib/jvm/java-1.8.0-openjdk-1.8.0.91-7.b14.fc24.x86_64/jre/lib/amd64/libverify.so
7f97e49cf000-7f97e4bce000 ---p 0000d000 fd:00 5117513                    /usr/lib/jvm/java-1.8.0-openjdk-1.8.0.91-7.b14.fc24.x86_64/jre/lib/amd64/libverify.so
7f97e4bce000-7f97e4bd0000 r--p 0000c000 fd:00 5117513                    /usr/lib/jvm/java-1.8.0-openjdk-1.8.0.91-7.b14.fc24.x86_64/jre/lib/amd64/libverify.so
7f97e4bd0000-7f97e4bd1000 rw-p 00000000 00:00 0 
7f97e4bd1000-7f97e4bd8000 r-xp 00000000 fd:00 5119950                    /usr/lib64/librt-2.23.so
7f97e4bd8000-7f97e4dd7000 ---p 00007000 fd:00 5119950                    /usr/lib64/librt-2.23.so
7f97e4dd7000-7f97e4dd8000 r--p 00006000 fd:00 5119950                    /usr/lib64/librt-2.23.so
7f97e4dd8000-7f97e4dd9000 rw-p 00007000 fd:00 5119950                    /usr/lib64/librt-2.23.so
7f97e4dd9000-7f97e4def000 r-xp 00000000 fd:00 5120722                    /usr/lib64/libgcc_s-6.1.1-20160510.so.1
7f97e4def000-7f97e4fee000 ---p 00016000 fd:00 5120722                    /usr/lib64/libgcc_s-6.1.1-20160510.so.1
7f97e4fee000-7f97e4fef000 r--p 00015000 fd:00 5120722                    /usr/lib64/libgcc_s-6.1.1-20160510.so.1
7f97e4fef000-7f97e4ff0000 rw-p 00016000 fd:00 5120722                    /usr/lib64/libgcc_s-6.1.1-20160510.so.1
7f97e4ff0000-7f97e50f8000 r-xp 00000000 fd:00 5119444                    /usr/lib64/libm-2.23.so
7f97e50f8000-7f97e52f7000 ---p 00108000 fd:00 5119444                    /usr/lib64/libm-2.23.so
7f97e52f7000-7f97e52f8000 r--p 00107000 fd:00 5119444                    /usr/lib64/libm-2.23.so
7f97e52f8000-7f97e52f9000 rw-p 00108000 fd:00 5119444                    /usr/lib64/libm-2.23.so
7f97e52f9000-7f97e5471000 r-xp 00000000 fd:00 5121252                    /usr/lib64/libstdc++.so.6.0.22
7f97e5471000-7f97e5670000 ---p 00178000 fd:00 5121252                    /usr/lib64/libstdc++.so.6.0.22
7f97e5670000-7f97e567a000 r--p 00177000 fd:00 5121252                    /usr/lib64/libstdc++.so.6.0.22
7f97e567a000-7f97e567c000 rw-p 00181000 fd:00 5121252                    /usr/lib64/libstdc++.so.6.0.22
7f97e567c000-7f97e5680000 rw-p 00000000 00:00 0 
7f97e5680000-7f97e6310000 r-xp 00000000 fd:00 5117518                    /usr/lib/jvm/java-1.8.0-openjdk-1.8.0.91-7.b14.fc24.x86_64/jre/lib/amd64/server/libjvm.so
7f97e6310000-7f97e6510000 ---p 00c90000 fd:00 5117518                    /usr/lib/jvm/java-1.8.0-openjdk-1.8.0.91-7.b14.fc24.x86_64/jre/lib/amd64/server/libjvm.so
7f97e6510000-7f97e65a5000 r--p 00c90000 fd:00 5117518                    /usr/lib/jvm/java-1.8.0-openjdk-1.8.0.91-7.b14.fc24.x86_64/jre/lib/amd64/server/libjvm.so
7f97e65a5000-7f97e65ce000 rw-p 00d25000 fd:00 5117518                    /usr/lib/jvm/java-1.8.0-openjdk-1.8.0.91-7.b14.fc24.x86_64/jre/lib/amd64/server/libjvm.so
7f97e65ce000-7f97e65fe000 rw-p 00000000 00:00 0 
7f97e65fe000-7f97e67b7000 r-xp 00000000 fd:00 5119293                    /usr/lib64/libc-2.23.so
7f97e67b7000-7f97e69b6000 ---p 001b9000 fd:00 5119293                    /usr/lib64/libc-2.23.so
7f97e69b6000-7f97e69ba000 r--p 001b8000 fd:00 5119293                    /usr/lib64/libc-2.23.so
7f97e69ba000-7f97e69bc000 rw-p 001bc000 fd:00 5119293                    /usr/lib64/libc-2.23.so
7f97e69bc000-7f97e69c0000 rw-p 00000000 00:00 0 
7f97e69c0000-7f97e69c3000 r-xp 00000000 fd:00 5119420                    /usr/lib64/libdl-2.23.so
7f97e69c3000-7f97e6bc2000 ---p 00003000 fd:00 5119420                    /usr/lib64/libdl-2.23.so
7f97e6bc2000-7f97e6bc3000 r--p 00002000 fd:00 5119420                    /usr/lib64/libdl-2.23.so
7f97e6bc3000-7f97e6bc4000 rw-p 00003000 fd:00 5119420                    /usr/lib64/libdl-2.23.so
7f97e6bc4000-7f97e6bd1000 r-xp 00000000 fd:00 5511380                    /usr/lib/jvm/java-1.8.0-openjdk-1.8.0.91-7.b14.fc24.x86_64/lib/amd64/jli/libjli.so
7f97e6bd1000-7f97e6dd1000 ---p 0000d000 fd:00 5511380                    /usr/lib/jvm/java-1.8.0-openjdk-1.8.0.91-7.b14.fc24.x86_64/lib/amd64/jli/libjli.so
7f97e6dd1000-7f97e6dd2000 r--p 0000d000 fd:00 5511380                    /usr/lib/jvm/java-1.8.0-openjdk-1.8.0.91-7.b14.fc24.x86_64/lib/amd64/jli/libjli.so
7f97e6dd2000-7f97e6dd3000 rw-p 00000000 00:00 0 
7f97e6dd3000-7f97e6de8000 r-xp 00000000 fd:00 5121444                    /usr/lib64/libz.so.1.2.8
7f97e6de8000-7f97e6fe7000 ---p 00015000 fd:00 5121444                    /usr/lib64/libz.so.1.2.8
7f97e6fe7000-7f97e6fe8000 r--p 00014000 fd:00 5121444                    /usr/lib64/libz.so.1.2.8
7f97e6fe8000-7f97e6fe9000 rw-p 00015000 fd:00 5121444                    /usr/lib64/libz.so.1.2.8
7f97e6fe9000-7f97e7000000 r-xp 00000000 fd:00 5119850                    /usr/lib64/libpthread-2.23.so
7f97e7000000-7f97e71ff000 ---p 00017000 fd:00 5119850                    /usr/lib64/libpthread-2.23.so
7f97e71ff000-7f97e7200000 r--p 00016000 fd:00 5119850                    /usr/lib64/libpthread-2.23.so
7f97e7200000-7f97e7201000 rw-p 00017000 fd:00 5119850                    /usr/lib64/libpthread-2.23.so
7f97e7201000-7f97e7205000 rw-p 00000000 00:00 0 
7f97e7205000-7f97e7229000 r-xp 00000000 fd:00 5122279                    /usr/lib64/ld-2.23.so
7f97e722d000-7f97e7238000 r--s 0011c000 fd:00 5117562                    /usr/lib/jvm/java-1.8.0-openjdk-1.8.0.91-7.b14.fc24.x86_64/jre/lib/ext/localedata.jar
7f97e7238000-7f97e7303000 rw-p 00000000 00:00 0 
7f97e7303000-7f97e7306000 ---p 00000000 00:00 0 
7f97e7306000-7f97e7409000 rw-p 00000000 00:00 0 
7f97e740a000-7f97e741d000 r--s 00345000 fd:00 5117481                    /usr/lib/jvm/java-1.8.0-openjdk-1.8.0.91-7.b14.fc24.x86_64/jre/lib/resources.jar
7f97e741d000-7f97e7425000 rw-s 00000000 00:24 61877                      /tmp/hsperfdata_plukasik/3845
7f97e7425000-7f97e7426000 rw-p 00000000 00:00 0 
7f97e7426000-7f97e7427000 ---p 00000000 00:00 0 
7f97e7427000-7f97e7428000 rw-p 00000000 00:00 0 
7f97e7428000-7f97e7429000 r--p 00023000 fd:00 5122279                    /usr/lib64/ld-2.23.so
7f97e7429000-7f97e742a000 rw-p 00024000 fd:00 5122279                    /usr/lib64/ld-2.23.so
7f97e742a000-7f97e742b000 rw-p 00000000 00:00 0 
7fff2970a000-7fff2972b000 rw-p 00000000 00:00 0                          [stack]
7fff2974a000-7fff2974d000 r--p 00000000 00:00 0                          [vvar]
7fff2974d000-7fff2974f000 r-xp 00000000 00:00 0                          [vdso]
ffffffffff600000-ffffffffff601000 r-xp 00000000 00:00 0                  [vsyscall]

VM Arguments:
jvm_args: -agentlib:jdwp=transport=dt_socket,suspend=y,address=localhost:43090 -Dfile.encoding=UTF-8 
java_command: game.Main
java_class_path (initial): /home/plukasik/workspace/javaee/ShipsGame/bin
Launcher Type: SUN_STANDARD

Environment Variables:
PATH=/usr/lib64/qt-3.3/bin:/usr/local/bin:/usr/local/sbin:/usr/bin:/usr/sbin:/home/plukasik/.local/bin:/home/plukasik/bin
USERNAME=plukasik
SHELL=/bin/bash
DISPLAY=:0

Signal Handlers:
SIGSEGV: [libjvm.so+0xa9afe0], sa_mask[0]=11111111011111111101111111111110, sa_flags=SA_RESTART|SA_SIGINFO
SIGBUS: [libjvm.so+0xa9afe0], sa_mask[0]=11111111011111111101111111111110, sa_flags=SA_RESTART|SA_SIGINFO
SIGFPE: [libjvm.so+0x8c0a80], sa_mask[0]=11111111011111111101111111111110, sa_flags=SA_RESTART|SA_SIGINFO
SIGPIPE: [libjvm.so+0x8c0a80], sa_mask[0]=11111111011111111101111111111110, sa_flags=SA_RESTART|SA_SIGINFO
SIGXFSZ: [libjvm.so+0x8c0a80], sa_mask[0]=11111111011111111101111111111110, sa_flags=SA_RESTART|SA_SIGINFO
SIGILL: [libjvm.so+0x8c0a80], sa_mask[0]=11111111011111111101111111111110, sa_flags=SA_RESTART|SA_SIGINFO
SIGUSR1: SIG_DFL, sa_mask[0]=00000000000000000000000000000000, sa_flags=none
SIGUSR2: [libjvm.so+0x8c0930], sa_mask[0]=00100000000000000000000000000000, sa_flags=SA_RESTART|SA_SIGINFO
SIGHUP: [libjvm.so+0x8c0de0], sa_mask[0]=11111111011111111101111111111110, sa_flags=SA_RESTART|SA_SIGINFO
SIGINT: [libjvm.so+0x8c0de0], sa_mask[0]=11111111011111111101111111111110, sa_flags=SA_RESTART|SA_SIGINFO
SIGTERM: [libjvm.so+0x8c0de0], sa_mask[0]=11111111011111111101111111111110, sa_flags=SA_RESTART|SA_SIGINFO
SIGQUIT: [libjvm.so+0x8c0de0], sa_mask[0]=11111111011111111101111111111110, sa_flags=SA_RESTART|SA_SIGINFO


---------------  S Y S T E M  ---------------

OS:Fedora release 24 (Twenty Four)

uname:Linux 4.5.5-300.fc24.x86_64 #1 SMP Thu May 19 13:05:32 UTC 2016 x86_64
libc:glibc 2.23 NPTL 2.23 
rlimit: STACK 8192k, CORE 0k, NPROC 31337, NOFILE 4096, AS infinity
load average:0.27 0.42 0.40

/proc/meminfo:
MemTotal:        8044492 kB
MemFree:         3361960 kB
MemAvailable:    4695296 kB
Buffers:          228388 kB
Cached:          1507204 kB
SwapCached:            0 kB
Active:          3301964 kB
Inactive:        1015788 kB
Active(anon):    2585584 kB
Inactive(anon):   257324 kB
Active(file):     716380 kB
Inactive(file):   758464 kB
Unevictable:          68 kB
Mlocked:              68 kB
SwapTotal:             0 kB
SwapFree:              0 kB
Dirty:                52 kB
Writeback:             0 kB
AnonPages:       2582232 kB
Mapped:           507016 kB
Shmem:            260752 kB
Slab:             220156 kB
SReclaimable:     155656 kB
SUnreclaim:        64500 kB
KernelStack:       12368 kB
PageTables:        57744 kB
NFS_Unstable:          0 kB
Bounce:                0 kB
WritebackTmp:          0 kB
CommitLimit:     4022244 kB
Committed_AS:    9175952 kB
VmallocTotal:   34359738367 kB
VmallocUsed:           0 kB
VmallocChunk:          0 kB
HardwareCorrupted:     0 kB
AnonHugePages:         0 kB
CmaTotal:              0 kB
CmaFree:               0 kB
HugePages_Total:       0
HugePages_Free:        0
HugePages_Rsvd:        0
HugePages_Surp:        0
Hugepagesize:       2048 kB
DirectMap4k:      184280 kB
DirectMap2M:     8073216 kB


CPU:total 4 (2 cores per cpu, 2 threads per core) family 6 model 58 stepping 9, cmov, cx8, fxsr, mmx, sse, sse2, sse3, ssse3, sse4.1, sse4.2, popcnt, avx, aes, clmul, erms, ht, tsc, tscinvbit, tscinv

/proc/cpuinfo:
processor	: 0
vendor_id	: GenuineIntel
cpu family	: 6
model		: 58
model name	: Intel(R) Core(TM) i5-3340M CPU @ 2.70GHz
stepping	: 9
microcode	: 0x1c
cpu MHz		: 3185.367
cache size	: 3072 KB
physical id	: 0
siblings	: 4
core id		: 0
cpu cores	: 2
apicid		: 0
initial apicid	: 0
fpu		: yes
fpu_exception	: yes
cpuid level	: 13
wp		: yes
flags		: fpu vme de pse tsc msr pae mce cx8 apic sep mtrr pge mca cmov pat pse36 clflush dts acpi mmx fxsr sse sse2 ss ht tm pbe syscall nx rdtscp lm constant_tsc arch_perfmon pebs bts rep_good nopl xtopology nonstop_tsc aperfmperf eagerfpu pni pclmulqdq dtes64 monitor ds_cpl vmx smx est tm2 ssse3 cx16 xtpr pdcm pcid sse4_1 sse4_2 x2apic popcnt tsc_deadline_timer aes xsave avx f16c rdrand lahf_lm epb tpr_shadow vnmi flexpriority ept vpid fsgsbase smep erms xsaveopt dtherm ida arat pln pts
bugs		:
bogomips	: 5382.29
clflush size	: 64
cache_alignment	: 64
address sizes	: 36 bits physical, 48 bits virtual
power management:

processor	: 1
vendor_id	: GenuineIntel
cpu family	: 6
model		: 58
model name	: Intel(R) Core(TM) i5-3340M CPU @ 2.70GHz
stepping	: 9
microcode	: 0x1c
cpu MHz		: 3183.363
cache size	: 3072 KB
physical id	: 0
siblings	: 4
core id		: 1
cpu cores	: 2
apicid		: 2
initial apicid	: 2
fpu		: yes
fpu_exception	: yes
cpuid level	: 13
wp		: yes
flags		: fpu vme de pse tsc msr pae mce cx8 apic sep mtrr pge mca cmov pat pse36 clflush dts acpi mmx fxsr sse sse2 ss ht tm pbe syscall nx rdtscp lm constant_tsc arch_perfmon pebs bts rep_good nopl xtopology nonstop_tsc aperfmperf eagerfpu pni pclmulqdq dtes64 monitor ds_cpl vmx smx est tm2 ssse3 cx16 xtpr pdcm pcid sse4_1 sse4_2 x2apic popcnt tsc_deadline_timer aes xsave avx f16c rdrand lahf_lm epb tpr_shadow vnmi flexpriority ept vpid fsgsbase smep erms xsaveopt dtherm ida arat pln pts
bugs		:
bogomips	: 5382.29
clflush size	: 64
cache_alignment	: 64
address sizes	: 36 bits physical, 48 bits virtual
power management:

processor	: 2
vendor_id	: GenuineIntel
cpu family	: 6
model		: 58
model name	: Intel(R) Core(TM) i5-3340M CPU @ 2.70GHz
stepping	: 9
microcode	: 0x1c
cpu MHz		: 3189.691
cache size	: 3072 KB
physical id	: 0
siblings	: 4
core id		: 0
cpu cores	: 2
apicid		: 1
initial apicid	: 1
fpu		: yes
fpu_exception	: yes
cpuid level	: 13
wp		: yes
flags		: fpu vme de pse tsc msr pae mce cx8 apic sep mtrr pge mca cmov pat pse36 clflush dts acpi mmx fxsr sse sse2 ss ht tm pbe syscall nx rdtscp lm constant_tsc arch_perfmon pebs bts rep_good nopl xtopology nonstop_tsc aperfmperf eagerfpu pni pclmulqdq dtes64 monitor ds_cpl vmx smx est tm2 ssse3 cx16 xtpr pdcm pcid sse4_1 sse4_2 x2apic popcnt tsc_deadline_timer aes xsave avx f16c rdrand lahf_lm epb tpr_shadow vnmi flexpriority ept vpid fsgsbase smep erms xsaveopt dtherm ida arat pln pts
bugs		:
bogomips	: 5382.29
clflush size	: 64
cache_alignment	: 64
address sizes	: 36 bits physical, 48 bits virtual
power management:

processor	: 3
vendor_id	: GenuineIntel
cpu family	: 6
model		: 58
model name	: Intel(R) Core(TM) i5-3340M CPU @ 2.70GHz
stepping	: 9
microcode	: 0x1c
cpu MHz		: 3193.804
cache size	: 3072 KB
physical id	: 0
siblings	: 4
core id		: 1
cpu cores	: 2
apicid		: 3
initial apicid	: 3
fpu		: yes
fpu_exception	: yes
cpuid level	: 13
wp		: yes
flags		: fpu vme de pse tsc msr pae mce cx8 apic sep mtrr pge mca cmov pat pse36 clflush dts acpi mmx fxsr sse sse2 ss ht tm pbe syscall nx rdtscp lm constant_tsc arch_perfmon pebs bts rep_good nopl xtopology nonstop_tsc aperfmperf eagerfpu pni pclmulqdq dtes64 monitor ds_cpl vmx smx est tm2 ssse3 cx16 xtpr pdcm pcid sse4_1 sse4_2 x2apic popcnt tsc_deadline_timer aes xsave avx f16c rdrand lahf_lm epb tpr_shadow vnmi flexpriority ept vpid fsgsbase smep erms xsaveopt dtherm ida arat pln pts
bugs		:
bogomips	: 5382.29
clflush size	: 64
cache_alignment	: 64
address sizes	: 36 bits physical, 48 bits virtual
power management:



Memory: 4k page, physical 8044492k(3361960k free), swap 0k(0k free)

vm_info: OpenJDK 64-Bit Server VM (25.91-b14) for linux-amd64 JRE (1.8.0_91-b14), built on May 19 2016 13:51:22 by "mockbuild" with gcc 6.1.1 20160510 (Red Hat 6.1.1-2)

time: Mon Jan 30 18:45:02 2017
elapsed time: 183 seconds (0d 0h 3m 3s)

